{"name":"Translate from Spanish to English","id":"google-translate;translate-from-spanish-to-english","testSteps":[{"number":1,"description":"Given that Susan wants to translate a word","duration":31180,"startTime":"2018-07-04T13:32:55.528-05:00[America/Bogota]","exception":{"errorType":"net.thucydides.core.webdriver.exceptions.ElementShouldBeEnabledException","message":"The following error occurred: Expected enabled element was not enabled","stackTrace":[{"declaringClass":"co.com.bancolombia.certification.googlesuite.tasks.OpenTheBrowser","methodName":"performAs","fileName":"OpenTheBrowser.java","lineNumber":24},{"declaringClass":"co.com.bancolombia.certification.googlesuite.step_definitions.GoogleTranslateStepDefinitions","methodName":"thatSusanWantsToTranslateAWord","fileName":"GoogleTranslateStepDefinitions.java","lineNumber":36},{"declaringClass":"cucumber.runner.Runner","methodName":"runPickle","fileName":"Runner.java","lineNumber":80}],"rootCause":{"errorType":"org.openqa.selenium.TimeoutException","message":"Expected condition failed: waiting for By.xpath: //a[@class\u003d\u0027gb_Ba gb_Cd gb_ld\u0027] to be enabled (tried for 5 second(s) with 100 milliseconds interval)","stackTrace":[{"declaringClass":"co.com.bancolombia.certification.googlesuite.tasks.OpenTheBrowser","methodName":"performAs","fileName":"OpenTheBrowser.java","lineNumber":24},{"declaringClass":"co.com.bancolombia.certification.googlesuite.step_definitions.GoogleTranslateStepDefinitions","methodName":"thatSusanWantsToTranslateAWord","fileName":"GoogleTranslateStepDefinitions.java","lineNumber":36},{"declaringClass":"cucumber.runner.Runner","methodName":"runPickle","fileName":"Runner.java","lineNumber":80}],"rootCause":{"errorType":"org.openqa.selenium.NoSuchElementException","message":"no such element: Unable to locate element: {\"method\":\"xpath\",\"selector\":\"//a[@class\u003d\u0027gb_Ba gb_Cd gb_ld\u0027]\"}\n  (Session info: chrome\u003d67.0.3396.99)\n  (Driver info: chromedriver\u003d2.38.552522 (437e6fbedfa8762dec75e2c5b3ddb86763dc9dcb),platform\u003dWindows NT 10.0.15063 x86_64) (WARNING: The server did not provide any stacktrace information)\nCommand duration or timeout: 0 milliseconds\nFor documentation on this error, please visit: http://seleniumhq.org/exceptions/no_such_element.html\nBuild info: version: \u00273.13.0\u0027, revision: \u00272f0d292\u0027, time: \u00272018-06-25T15:24:21.231Z\u0027\nSystem info: host: \u0027PB0B0560419\u0027, ip: \u002710.0.75.1\u0027, os.name: \u0027Windows 10\u0027, os.arch: \u0027amd64\u0027, os.version: \u002710.0\u0027, java.version: \u00271.8.0_144\u0027\nDriver info: org.openqa.selenium.remote.RemoteWebDriver\nCapabilities {acceptInsecureCerts: false, acceptSslCerts: false, applicationCacheEnabled: false, browserConnectionEnabled: false, browserName: chrome, chrome: {chromedriverVersion: 2.38.552522 (437e6fbedfa876..., userDataDir: C:\\Users\\danbarri\\AppData\\L...}, cssSelectorsEnabled: true, databaseEnabled: false, handlesAlerts: true, hasTouchScreen: false, javascriptEnabled: true, locationContextEnabled: true, mobileEmulationEnabled: false, nativeEvents: true, networkConnectionEnabled: false, pageLoadStrategy: normal, platform: XP, platformName: XP, rotatable: false, setWindowRect: true, takesHeapSnapshot: true, takesScreenshot: true, unexpectedAlertBehaviour: , unhandledPromptBehavior: , version: 67.0.3396.99, webStorageEnabled: true}\nSession ID: 0a19fd1020a29e35d9cb72858e6ac1f5\n*** Element info: {Using\u003dxpath, value\u003d//a[@class\u003d\u0027gb_Ba gb_Cd gb_ld\u0027]}","stackTrace":[{"declaringClass":"co.com.bancolombia.certification.googlesuite.tasks.OpenTheBrowser","methodName":"performAs","fileName":"OpenTheBrowser.java","lineNumber":24},{"declaringClass":"co.com.bancolombia.certification.googlesuite.step_definitions.GoogleTranslateStepDefinitions","methodName":"thatSusanWantsToTranslateAWord","fileName":"GoogleTranslateStepDefinitions.java","lineNumber":36},{"declaringClass":"cucumber.runner.Runner","methodName":"runPickle","fileName":"Runner.java","lineNumber":80}]}}},"result":"FAILURE","precondition":false,"children":[{"number":2,"description":"Susan opens the browser on GOOGLE_HOME_PAGE","duration":31165,"startTime":"2018-07-04T13:32:55.543-05:00[America/Bogota]","exception":{"errorType":"net.thucydides.core.webdriver.exceptions.ElementShouldBeEnabledException","message":"The following error occurred: Expected enabled element was not enabled","stackTrace":[{"declaringClass":"co.com.bancolombia.certification.googlesuite.tasks.OpenTheBrowser","methodName":"performAs","fileName":"OpenTheBrowser.java","lineNumber":24},{"declaringClass":"co.com.bancolombia.certification.googlesuite.step_definitions.GoogleTranslateStepDefinitions","methodName":"thatSusanWantsToTranslateAWord","fileName":"GoogleTranslateStepDefinitions.java","lineNumber":36},{"declaringClass":"cucumber.runner.Runner","methodName":"runPickle","fileName":"Runner.java","lineNumber":80}],"rootCause":{"errorType":"org.openqa.selenium.TimeoutException","message":"Expected condition failed: waiting for By.xpath: //a[@class\u003d\u0027gb_Ba gb_Cd gb_ld\u0027] to be enabled (tried for 5 second(s) with 100 milliseconds interval)","stackTrace":[{"declaringClass":"co.com.bancolombia.certification.googlesuite.tasks.OpenTheBrowser","methodName":"performAs","fileName":"OpenTheBrowser.java","lineNumber":24},{"declaringClass":"co.com.bancolombia.certification.googlesuite.step_definitions.GoogleTranslateStepDefinitions","methodName":"thatSusanWantsToTranslateAWord","fileName":"GoogleTranslateStepDefinitions.java","lineNumber":36},{"declaringClass":"cucumber.runner.Runner","methodName":"runPickle","fileName":"Runner.java","lineNumber":80}],"rootCause":{"errorType":"org.openqa.selenium.NoSuchElementException","message":"no such element: Unable to locate element: {\"method\":\"xpath\",\"selector\":\"//a[@class\u003d\u0027gb_Ba gb_Cd gb_ld\u0027]\"}\n  (Session info: chrome\u003d67.0.3396.99)\n  (Driver info: chromedriver\u003d2.38.552522 (437e6fbedfa8762dec75e2c5b3ddb86763dc9dcb),platform\u003dWindows NT 10.0.15063 x86_64) (WARNING: The server did not provide any stacktrace information)\nCommand duration or timeout: 0 milliseconds\nFor documentation on this error, please visit: http://seleniumhq.org/exceptions/no_such_element.html\nBuild info: version: \u00273.13.0\u0027, revision: \u00272f0d292\u0027, time: \u00272018-06-25T15:24:21.231Z\u0027\nSystem info: host: \u0027PB0B0560419\u0027, ip: \u002710.0.75.1\u0027, os.name: \u0027Windows 10\u0027, os.arch: \u0027amd64\u0027, os.version: \u002710.0\u0027, java.version: \u00271.8.0_144\u0027\nDriver info: org.openqa.selenium.remote.RemoteWebDriver\nCapabilities {acceptInsecureCerts: false, acceptSslCerts: false, applicationCacheEnabled: false, browserConnectionEnabled: false, browserName: chrome, chrome: {chromedriverVersion: 2.38.552522 (437e6fbedfa876..., userDataDir: C:\\Users\\danbarri\\AppData\\L...}, cssSelectorsEnabled: true, databaseEnabled: false, handlesAlerts: true, hasTouchScreen: false, javascriptEnabled: true, locationContextEnabled: true, mobileEmulationEnabled: false, nativeEvents: true, networkConnectionEnabled: false, pageLoadStrategy: normal, platform: XP, platformName: XP, rotatable: false, setWindowRect: true, takesHeapSnapshot: true, takesScreenshot: true, unexpectedAlertBehaviour: , unhandledPromptBehavior: , version: 67.0.3396.99, webStorageEnabled: true}\nSession ID: 0a19fd1020a29e35d9cb72858e6ac1f5\n*** Element info: {Using\u003dxpath, value\u003d//a[@class\u003d\u0027gb_Ba gb_Cd gb_ld\u0027]}","stackTrace":[{"declaringClass":"co.com.bancolombia.certification.googlesuite.tasks.OpenTheBrowser","methodName":"performAs","fileName":"OpenTheBrowser.java","lineNumber":24},{"declaringClass":"co.com.bancolombia.certification.googlesuite.step_definitions.GoogleTranslateStepDefinitions","methodName":"thatSusanWantsToTranslateAWord","fileName":"GoogleTranslateStepDefinitions.java","lineNumber":36},{"declaringClass":"cucumber.runner.Runner","methodName":"runPickle","fileName":"Runner.java","lineNumber":80}]}}},"result":"FAILURE","precondition":false,"children":[{"number":3,"description":"Susan opens the Google home page","duration":24007,"startTime":"2018-07-04T13:32:55.543-05:00[America/Bogota]","screenshots":[{"screenshot":"1b221954935614301f87af25b1428687bfea29a20e51a6a2195e42a100f26402.png"}],"result":"SUCCESS","precondition":false},{"number":4,"description":"Susan clicks on Privacy Pop Up","duration":7157,"startTime":"2018-07-04T13:33:19.551-05:00[America/Bogota]","screenshots":[{"screenshot":"f901aed1e467930fc4946d3994305453b3cecb5543317b5ab64cc015148ae168.png"},{"screenshot":"f901aed1e467930fc4946d3994305453b3cecb5543317b5ab64cc015148ae168.png","htmlSource":"pagesource727506438279392381.html.txt"}],"exception":{"errorType":"net.thucydides.core.webdriver.exceptions.ElementShouldBeEnabledException","message":"The following error occurred: Expected enabled element was not enabled","stackTrace":[{"declaringClass":"co.com.bancolombia.certification.googlesuite.tasks.OpenTheBrowser","methodName":"performAs","fileName":"OpenTheBrowser.java","lineNumber":24},{"declaringClass":"co.com.bancolombia.certification.googlesuite.step_definitions.GoogleTranslateStepDefinitions","methodName":"thatSusanWantsToTranslateAWord","fileName":"GoogleTranslateStepDefinitions.java","lineNumber":36},{"declaringClass":"cucumber.runner.Runner","methodName":"runPickle","fileName":"Runner.java","lineNumber":80}],"rootCause":{"errorType":"org.openqa.selenium.TimeoutException","message":"Expected condition failed: waiting for By.xpath: //a[@class\u003d\u0027gb_Ba gb_Cd gb_ld\u0027] to be enabled (tried for 5 second(s) with 100 milliseconds interval)","stackTrace":[{"declaringClass":"co.com.bancolombia.certification.googlesuite.tasks.OpenTheBrowser","methodName":"performAs","fileName":"OpenTheBrowser.java","lineNumber":24},{"declaringClass":"co.com.bancolombia.certification.googlesuite.step_definitions.GoogleTranslateStepDefinitions","methodName":"thatSusanWantsToTranslateAWord","fileName":"GoogleTranslateStepDefinitions.java","lineNumber":36},{"declaringClass":"cucumber.runner.Runner","methodName":"runPickle","fileName":"Runner.java","lineNumber":80}],"rootCause":{"errorType":"org.openqa.selenium.NoSuchElementException","message":"no such element: Unable to locate element: {\"method\":\"xpath\",\"selector\":\"//a[@class\u003d\u0027gb_Ba gb_Cd gb_ld\u0027]\"}\n  (Session info: chrome\u003d67.0.3396.99)\n  (Driver info: chromedriver\u003d2.38.552522 (437e6fbedfa8762dec75e2c5b3ddb86763dc9dcb),platform\u003dWindows NT 10.0.15063 x86_64) (WARNING: The server did not provide any stacktrace information)\nCommand duration or timeout: 0 milliseconds\nFor documentation on this error, please visit: http://seleniumhq.org/exceptions/no_such_element.html\nBuild info: version: \u00273.13.0\u0027, revision: \u00272f0d292\u0027, time: \u00272018-06-25T15:24:21.231Z\u0027\nSystem info: host: \u0027PB0B0560419\u0027, ip: \u002710.0.75.1\u0027, os.name: \u0027Windows 10\u0027, os.arch: \u0027amd64\u0027, os.version: \u002710.0\u0027, java.version: \u00271.8.0_144\u0027\nDriver info: org.openqa.selenium.remote.RemoteWebDriver\nCapabilities {acceptInsecureCerts: false, acceptSslCerts: false, applicationCacheEnabled: false, browserConnectionEnabled: false, browserName: chrome, chrome: {chromedriverVersion: 2.38.552522 (437e6fbedfa876..., userDataDir: C:\\Users\\danbarri\\AppData\\L...}, cssSelectorsEnabled: true, databaseEnabled: false, handlesAlerts: true, hasTouchScreen: false, javascriptEnabled: true, locationContextEnabled: true, mobileEmulationEnabled: false, nativeEvents: true, networkConnectionEnabled: false, pageLoadStrategy: normal, platform: XP, platformName: XP, rotatable: false, setWindowRect: true, takesHeapSnapshot: true, takesScreenshot: true, unexpectedAlertBehaviour: , unhandledPromptBehavior: , version: 67.0.3396.99, webStorageEnabled: true}\nSession ID: 0a19fd1020a29e35d9cb72858e6ac1f5\n*** Element info: {Using\u003dxpath, value\u003d//a[@class\u003d\u0027gb_Ba gb_Cd gb_ld\u0027]}","stackTrace":[{"declaringClass":"co.com.bancolombia.certification.googlesuite.tasks.OpenTheBrowser","methodName":"performAs","fileName":"OpenTheBrowser.java","lineNumber":24},{"declaringClass":"co.com.bancolombia.certification.googlesuite.step_definitions.GoogleTranslateStepDefinitions","methodName":"thatSusanWantsToTranslateAWord","fileName":"GoogleTranslateStepDefinitions.java","lineNumber":36},{"declaringClass":"cucumber.runner.Runner","methodName":"runPickle","fileName":"Runner.java","lineNumber":80}]}}},"result":"FAILURE","precondition":false}]}]},{"number":5,"description":"When she translates the word malteada from Español to Inglés","duration":0,"startTime":"2018-07-04T13:33:26.708-05:00[America/Bogota]","result":"SKIPPED","precondition":false},{"number":6,"description":"Then she should see the word milk shake in the screen","duration":0,"startTime":"2018-07-04T13:33:26.708-05:00[America/Bogota]","result":"SKIPPED","precondition":false}],"userStory":{"id":"google-translate","storyName":"Google Translate","path":"src/test/resources/features/google_translate.feature","narrative":"  As a web user\n  I want to use Google Translate\n  to translate words between different languages","type":"feature"},"featureTag":{"name":"Features/Google Translate","type":"feature"},"title":"Translate from Spanish to English","tags":[{"name":"Google translate","type":"feature"}],"startTime":"2018-07-04T13:32:55.496-05:00[America/Bogota]","duration":31310,"testFailureCause":{"errorType":"net.thucydides.core.webdriver.exceptions.ElementShouldBeEnabledException","message":"The following error occurred: Expected enabled element was not enabled","stackTrace":[{"declaringClass":"co.com.bancolombia.certification.googlesuite.tasks.OpenTheBrowser","methodName":"performAs","fileName":"OpenTheBrowser.java","lineNumber":24},{"declaringClass":"co.com.bancolombia.certification.googlesuite.step_definitions.GoogleTranslateStepDefinitions","methodName":"thatSusanWantsToTranslateAWord","fileName":"GoogleTranslateStepDefinitions.java","lineNumber":36},{"declaringClass":"cucumber.runner.Runner","methodName":"runPickle","fileName":"Runner.java","lineNumber":80}],"rootCause":{"errorType":"org.openqa.selenium.TimeoutException","message":"Expected condition failed: waiting for By.xpath: //a[@class\u003d\u0027gb_Ba gb_Cd gb_ld\u0027] to be enabled (tried for 5 second(s) with 100 milliseconds interval)","stackTrace":[{"declaringClass":"co.com.bancolombia.certification.googlesuite.tasks.OpenTheBrowser","methodName":"performAs","fileName":"OpenTheBrowser.java","lineNumber":24},{"declaringClass":"co.com.bancolombia.certification.googlesuite.step_definitions.GoogleTranslateStepDefinitions","methodName":"thatSusanWantsToTranslateAWord","fileName":"GoogleTranslateStepDefinitions.java","lineNumber":36},{"declaringClass":"cucumber.runner.Runner","methodName":"runPickle","fileName":"Runner.java","lineNumber":80}],"rootCause":{"errorType":"org.openqa.selenium.NoSuchElementException","message":"no such element: Unable to locate element: {\"method\":\"xpath\",\"selector\":\"//a[@class\u003d\u0027gb_Ba gb_Cd gb_ld\u0027]\"}\n  (Session info: chrome\u003d67.0.3396.99)\n  (Driver info: chromedriver\u003d2.38.552522 (437e6fbedfa8762dec75e2c5b3ddb86763dc9dcb),platform\u003dWindows NT 10.0.15063 x86_64) (WARNING: The server did not provide any stacktrace information)\nCommand duration or timeout: 0 milliseconds\nFor documentation on this error, please visit: http://seleniumhq.org/exceptions/no_such_element.html\nBuild info: version: \u00273.13.0\u0027, revision: \u00272f0d292\u0027, time: \u00272018-06-25T15:24:21.231Z\u0027\nSystem info: host: \u0027PB0B0560419\u0027, ip: \u002710.0.75.1\u0027, os.name: \u0027Windows 10\u0027, os.arch: \u0027amd64\u0027, os.version: \u002710.0\u0027, java.version: \u00271.8.0_144\u0027\nDriver info: org.openqa.selenium.remote.RemoteWebDriver\nCapabilities {acceptInsecureCerts: false, acceptSslCerts: false, applicationCacheEnabled: false, browserConnectionEnabled: false, browserName: chrome, chrome: {chromedriverVersion: 2.38.552522 (437e6fbedfa876..., userDataDir: C:\\Users\\danbarri\\AppData\\L...}, cssSelectorsEnabled: true, databaseEnabled: false, handlesAlerts: true, hasTouchScreen: false, javascriptEnabled: true, locationContextEnabled: true, mobileEmulationEnabled: false, nativeEvents: true, networkConnectionEnabled: false, pageLoadStrategy: normal, platform: XP, platformName: XP, rotatable: false, setWindowRect: true, takesHeapSnapshot: true, takesScreenshot: true, unexpectedAlertBehaviour: , unhandledPromptBehavior: , version: 67.0.3396.99, webStorageEnabled: true}\nSession ID: 0a19fd1020a29e35d9cb72858e6ac1f5\n*** Element info: {Using\u003dxpath, value\u003d//a[@class\u003d\u0027gb_Ba gb_Cd gb_ld\u0027]}","stackTrace":[{"declaringClass":"co.com.bancolombia.certification.googlesuite.tasks.OpenTheBrowser","methodName":"performAs","fileName":"OpenTheBrowser.java","lineNumber":24},{"declaringClass":"co.com.bancolombia.certification.googlesuite.step_definitions.GoogleTranslateStepDefinitions","methodName":"thatSusanWantsToTranslateAWord","fileName":"GoogleTranslateStepDefinitions.java","lineNumber":36},{"declaringClass":"cucumber.runner.Runner","methodName":"runPickle","fileName":"Runner.java","lineNumber":80}]}}},"testFailureClassname":"net.thucydides.core.webdriver.exceptions.ElementShouldBeEnabledException","testFailureMessage":"The following error occurred: Expected enabled element was not enabled","testFailureSummary":"FAILURE;net.thucydides.core.webdriver.exceptions.ElementShouldBeEnabledException;The following error occurred: Expected enabled element was not enabled;OpenTheBrowser.java","projectKey":"","annotatedResult":"FAILURE","sessionId":"0a19fd1020a29e35d9cb72858e6ac1f5","driver":"chrome","manual":false,"testSource":"Cucumber","result":"FAILURE"}