{"name":"Translate from English to Spanish","id":"google-translate;translate-from-english-to-spanish","testSteps":[{"number":1,"description":"Given that Susan wants to translate a word","duration":34472,"startTime":"2018-07-04T13:32:20.774-05:00[America/Bogota]","exception":{"errorType":"net.thucydides.core.webdriver.exceptions.ElementShouldBeEnabledException","message":"The following error occurred: Expected enabled element was not enabled","stackTrace":[{"declaringClass":"co.com.bancolombia.certification.googlesuite.tasks.OpenTheBrowser","methodName":"performAs","fileName":"OpenTheBrowser.java","lineNumber":24},{"declaringClass":"co.com.bancolombia.certification.googlesuite.step_definitions.GoogleTranslateStepDefinitions","methodName":"thatSusanWantsToTranslateAWord","fileName":"GoogleTranslateStepDefinitions.java","lineNumber":36},{"declaringClass":"cucumber.runner.Runner","methodName":"runPickle","fileName":"Runner.java","lineNumber":80}],"rootCause":{"errorType":"org.openqa.selenium.TimeoutException","message":"Expected condition failed: waiting for By.xpath: //a[@class\u003d\u0027gb_Ba gb_Cd gb_ld\u0027] to be enabled (tried for 5 second(s) with 100 milliseconds interval)","stackTrace":[{"declaringClass":"co.com.bancolombia.certification.googlesuite.tasks.OpenTheBrowser","methodName":"performAs","fileName":"OpenTheBrowser.java","lineNumber":24},{"declaringClass":"co.com.bancolombia.certification.googlesuite.step_definitions.GoogleTranslateStepDefinitions","methodName":"thatSusanWantsToTranslateAWord","fileName":"GoogleTranslateStepDefinitions.java","lineNumber":36},{"declaringClass":"cucumber.runner.Runner","methodName":"runPickle","fileName":"Runner.java","lineNumber":80}],"rootCause":{"errorType":"org.openqa.selenium.NoSuchElementException","message":"no such element: Unable to locate element: {\"method\":\"xpath\",\"selector\":\"//a[@class\u003d\u0027gb_Ba gb_Cd gb_ld\u0027]\"}\n  (Session info: chrome\u003d67.0.3396.99)\n  (Driver info: chromedriver\u003d2.38.552522 (437e6fbedfa8762dec75e2c5b3ddb86763dc9dcb),platform\u003dWindows NT 10.0.15063 x86_64) (WARNING: The server did not provide any stacktrace information)\nCommand duration or timeout: 0 milliseconds\nFor documentation on this error, please visit: http://seleniumhq.org/exceptions/no_such_element.html\nBuild info: version: \u00273.13.0\u0027, revision: \u00272f0d292\u0027, time: \u00272018-06-25T15:24:21.231Z\u0027\nSystem info: host: \u0027PB0B0560419\u0027, ip: \u002710.0.75.1\u0027, os.name: \u0027Windows 10\u0027, os.arch: \u0027amd64\u0027, os.version: \u002710.0\u0027, java.version: \u00271.8.0_144\u0027\nDriver info: org.openqa.selenium.remote.RemoteWebDriver\nCapabilities {acceptInsecureCerts: false, acceptSslCerts: false, applicationCacheEnabled: false, browserConnectionEnabled: false, browserName: chrome, chrome: {chromedriverVersion: 2.38.552522 (437e6fbedfa876..., userDataDir: C:\\Users\\danbarri\\AppData\\L...}, cssSelectorsEnabled: true, databaseEnabled: false, handlesAlerts: true, hasTouchScreen: false, javascriptEnabled: true, locationContextEnabled: true, mobileEmulationEnabled: false, nativeEvents: true, networkConnectionEnabled: false, pageLoadStrategy: normal, platform: XP, platformName: XP, rotatable: false, setWindowRect: true, takesHeapSnapshot: true, takesScreenshot: true, unexpectedAlertBehaviour: , unhandledPromptBehavior: , version: 67.0.3396.99, webStorageEnabled: true}\nSession ID: 651716c761b584431c62fc68925361f1\n*** Element info: {Using\u003dxpath, value\u003d//a[@class\u003d\u0027gb_Ba gb_Cd gb_ld\u0027]}","stackTrace":[{"declaringClass":"co.com.bancolombia.certification.googlesuite.tasks.OpenTheBrowser","methodName":"performAs","fileName":"OpenTheBrowser.java","lineNumber":24},{"declaringClass":"co.com.bancolombia.certification.googlesuite.step_definitions.GoogleTranslateStepDefinitions","methodName":"thatSusanWantsToTranslateAWord","fileName":"GoogleTranslateStepDefinitions.java","lineNumber":36},{"declaringClass":"cucumber.runner.Runner","methodName":"runPickle","fileName":"Runner.java","lineNumber":80}]}}},"result":"FAILURE","precondition":false,"children":[{"number":2,"description":"Susan opens the browser on GOOGLE_HOME_PAGE","duration":34070,"startTime":"2018-07-04T13:32:21.161-05:00[America/Bogota]","exception":{"errorType":"net.thucydides.core.webdriver.exceptions.ElementShouldBeEnabledException","message":"The following error occurred: Expected enabled element was not enabled","stackTrace":[{"declaringClass":"co.com.bancolombia.certification.googlesuite.tasks.OpenTheBrowser","methodName":"performAs","fileName":"OpenTheBrowser.java","lineNumber":24},{"declaringClass":"co.com.bancolombia.certification.googlesuite.step_definitions.GoogleTranslateStepDefinitions","methodName":"thatSusanWantsToTranslateAWord","fileName":"GoogleTranslateStepDefinitions.java","lineNumber":36},{"declaringClass":"cucumber.runner.Runner","methodName":"runPickle","fileName":"Runner.java","lineNumber":80}],"rootCause":{"errorType":"org.openqa.selenium.TimeoutException","message":"Expected condition failed: waiting for By.xpath: //a[@class\u003d\u0027gb_Ba gb_Cd gb_ld\u0027] to be enabled (tried for 5 second(s) with 100 milliseconds interval)","stackTrace":[{"declaringClass":"co.com.bancolombia.certification.googlesuite.tasks.OpenTheBrowser","methodName":"performAs","fileName":"OpenTheBrowser.java","lineNumber":24},{"declaringClass":"co.com.bancolombia.certification.googlesuite.step_definitions.GoogleTranslateStepDefinitions","methodName":"thatSusanWantsToTranslateAWord","fileName":"GoogleTranslateStepDefinitions.java","lineNumber":36},{"declaringClass":"cucumber.runner.Runner","methodName":"runPickle","fileName":"Runner.java","lineNumber":80}],"rootCause":{"errorType":"org.openqa.selenium.NoSuchElementException","message":"no such element: Unable to locate element: {\"method\":\"xpath\",\"selector\":\"//a[@class\u003d\u0027gb_Ba gb_Cd gb_ld\u0027]\"}\n  (Session info: chrome\u003d67.0.3396.99)\n  (Driver info: chromedriver\u003d2.38.552522 (437e6fbedfa8762dec75e2c5b3ddb86763dc9dcb),platform\u003dWindows NT 10.0.15063 x86_64) (WARNING: The server did not provide any stacktrace information)\nCommand duration or timeout: 0 milliseconds\nFor documentation on this error, please visit: http://seleniumhq.org/exceptions/no_such_element.html\nBuild info: version: \u00273.13.0\u0027, revision: \u00272f0d292\u0027, time: \u00272018-06-25T15:24:21.231Z\u0027\nSystem info: host: \u0027PB0B0560419\u0027, ip: \u002710.0.75.1\u0027, os.name: \u0027Windows 10\u0027, os.arch: \u0027amd64\u0027, os.version: \u002710.0\u0027, java.version: \u00271.8.0_144\u0027\nDriver info: org.openqa.selenium.remote.RemoteWebDriver\nCapabilities {acceptInsecureCerts: false, acceptSslCerts: false, applicationCacheEnabled: false, browserConnectionEnabled: false, browserName: chrome, chrome: {chromedriverVersion: 2.38.552522 (437e6fbedfa876..., userDataDir: C:\\Users\\danbarri\\AppData\\L...}, cssSelectorsEnabled: true, databaseEnabled: false, handlesAlerts: true, hasTouchScreen: false, javascriptEnabled: true, locationContextEnabled: true, mobileEmulationEnabled: false, nativeEvents: true, networkConnectionEnabled: false, pageLoadStrategy: normal, platform: XP, platformName: XP, rotatable: false, setWindowRect: true, takesHeapSnapshot: true, takesScreenshot: true, unexpectedAlertBehaviour: , unhandledPromptBehavior: , version: 67.0.3396.99, webStorageEnabled: true}\nSession ID: 651716c761b584431c62fc68925361f1\n*** Element info: {Using\u003dxpath, value\u003d//a[@class\u003d\u0027gb_Ba gb_Cd gb_ld\u0027]}","stackTrace":[{"declaringClass":"co.com.bancolombia.certification.googlesuite.tasks.OpenTheBrowser","methodName":"performAs","fileName":"OpenTheBrowser.java","lineNumber":24},{"declaringClass":"co.com.bancolombia.certification.googlesuite.step_definitions.GoogleTranslateStepDefinitions","methodName":"thatSusanWantsToTranslateAWord","fileName":"GoogleTranslateStepDefinitions.java","lineNumber":36},{"declaringClass":"cucumber.runner.Runner","methodName":"runPickle","fileName":"Runner.java","lineNumber":80}]}}},"result":"FAILURE","precondition":false,"children":[{"number":3,"description":"Susan opens the Google home page","duration":26813,"startTime":"2018-07-04T13:32:21.188-05:00[America/Bogota]","screenshots":[{"screenshot":"22cbef9c3cfad57c0d6f2cc9e306936e969500f861366eb41818f48a4afc59ac.png"}],"result":"SUCCESS","precondition":false},{"number":4,"description":"Susan clicks on Privacy Pop Up","duration":7183,"startTime":"2018-07-04T13:32:48.048-05:00[America/Bogota]","screenshots":[{"screenshot":"ceb9ab2298eda3f87c7fec294adddaf902524384fdae69eaa4dd6ac6ab15cc60.png"},{"screenshot":"22cbef9c3cfad57c0d6f2cc9e306936e969500f861366eb41818f48a4afc59ac.png","htmlSource":"pagesource7949486286919129961.html.txt"}],"exception":{"errorType":"net.thucydides.core.webdriver.exceptions.ElementShouldBeEnabledException","message":"The following error occurred: Expected enabled element was not enabled","stackTrace":[{"declaringClass":"co.com.bancolombia.certification.googlesuite.tasks.OpenTheBrowser","methodName":"performAs","fileName":"OpenTheBrowser.java","lineNumber":24},{"declaringClass":"co.com.bancolombia.certification.googlesuite.step_definitions.GoogleTranslateStepDefinitions","methodName":"thatSusanWantsToTranslateAWord","fileName":"GoogleTranslateStepDefinitions.java","lineNumber":36},{"declaringClass":"cucumber.runner.Runner","methodName":"runPickle","fileName":"Runner.java","lineNumber":80}],"rootCause":{"errorType":"org.openqa.selenium.TimeoutException","message":"Expected condition failed: waiting for By.xpath: //a[@class\u003d\u0027gb_Ba gb_Cd gb_ld\u0027] to be enabled (tried for 5 second(s) with 100 milliseconds interval)","stackTrace":[{"declaringClass":"co.com.bancolombia.certification.googlesuite.tasks.OpenTheBrowser","methodName":"performAs","fileName":"OpenTheBrowser.java","lineNumber":24},{"declaringClass":"co.com.bancolombia.certification.googlesuite.step_definitions.GoogleTranslateStepDefinitions","methodName":"thatSusanWantsToTranslateAWord","fileName":"GoogleTranslateStepDefinitions.java","lineNumber":36},{"declaringClass":"cucumber.runner.Runner","methodName":"runPickle","fileName":"Runner.java","lineNumber":80}],"rootCause":{"errorType":"org.openqa.selenium.NoSuchElementException","message":"no such element: Unable to locate element: {\"method\":\"xpath\",\"selector\":\"//a[@class\u003d\u0027gb_Ba gb_Cd gb_ld\u0027]\"}\n  (Session info: chrome\u003d67.0.3396.99)\n  (Driver info: chromedriver\u003d2.38.552522 (437e6fbedfa8762dec75e2c5b3ddb86763dc9dcb),platform\u003dWindows NT 10.0.15063 x86_64) (WARNING: The server did not provide any stacktrace information)\nCommand duration or timeout: 0 milliseconds\nFor documentation on this error, please visit: http://seleniumhq.org/exceptions/no_such_element.html\nBuild info: version: \u00273.13.0\u0027, revision: \u00272f0d292\u0027, time: \u00272018-06-25T15:24:21.231Z\u0027\nSystem info: host: \u0027PB0B0560419\u0027, ip: \u002710.0.75.1\u0027, os.name: \u0027Windows 10\u0027, os.arch: \u0027amd64\u0027, os.version: \u002710.0\u0027, java.version: \u00271.8.0_144\u0027\nDriver info: org.openqa.selenium.remote.RemoteWebDriver\nCapabilities {acceptInsecureCerts: false, acceptSslCerts: false, applicationCacheEnabled: false, browserConnectionEnabled: false, browserName: chrome, chrome: {chromedriverVersion: 2.38.552522 (437e6fbedfa876..., userDataDir: C:\\Users\\danbarri\\AppData\\L...}, cssSelectorsEnabled: true, databaseEnabled: false, handlesAlerts: true, hasTouchScreen: false, javascriptEnabled: true, locationContextEnabled: true, mobileEmulationEnabled: false, nativeEvents: true, networkConnectionEnabled: false, pageLoadStrategy: normal, platform: XP, platformName: XP, rotatable: false, setWindowRect: true, takesHeapSnapshot: true, takesScreenshot: true, unexpectedAlertBehaviour: , unhandledPromptBehavior: , version: 67.0.3396.99, webStorageEnabled: true}\nSession ID: 651716c761b584431c62fc68925361f1\n*** Element info: {Using\u003dxpath, value\u003d//a[@class\u003d\u0027gb_Ba gb_Cd gb_ld\u0027]}","stackTrace":[{"declaringClass":"co.com.bancolombia.certification.googlesuite.tasks.OpenTheBrowser","methodName":"performAs","fileName":"OpenTheBrowser.java","lineNumber":24},{"declaringClass":"co.com.bancolombia.certification.googlesuite.step_definitions.GoogleTranslateStepDefinitions","methodName":"thatSusanWantsToTranslateAWord","fileName":"GoogleTranslateStepDefinitions.java","lineNumber":36},{"declaringClass":"cucumber.runner.Runner","methodName":"runPickle","fileName":"Runner.java","lineNumber":80}]}}},"result":"FAILURE","precondition":false}]}]},{"number":5,"description":"When she translates the word cheese from Inglés to Español","duration":0,"startTime":"2018-07-04T13:32:55.246-05:00[America/Bogota]","result":"SKIPPED","precondition":false},{"number":6,"description":"Then she should see the word queso in the screen","duration":0,"startTime":"2018-07-04T13:32:55.246-05:00[America/Bogota]","result":"SKIPPED","precondition":false}],"userStory":{"id":"google-translate","storyName":"Google Translate","path":"src/test/resources/features/google_translate.feature","narrative":"  As a web user\n  I want to use Google Translate\n  to translate words between different languages","type":"feature"},"featureTag":{"name":"Features/Google Translate","type":"feature"},"title":"Translate from English to Spanish","tags":[{"name":"Google translate","type":"feature"}],"startTime":"2018-07-04T13:32:20.117-05:00[America/Bogota]","duration":35379,"testFailureCause":{"errorType":"net.thucydides.core.webdriver.exceptions.ElementShouldBeEnabledException","message":"The following error occurred: Expected enabled element was not enabled","stackTrace":[{"declaringClass":"co.com.bancolombia.certification.googlesuite.tasks.OpenTheBrowser","methodName":"performAs","fileName":"OpenTheBrowser.java","lineNumber":24},{"declaringClass":"co.com.bancolombia.certification.googlesuite.step_definitions.GoogleTranslateStepDefinitions","methodName":"thatSusanWantsToTranslateAWord","fileName":"GoogleTranslateStepDefinitions.java","lineNumber":36},{"declaringClass":"cucumber.runner.Runner","methodName":"runPickle","fileName":"Runner.java","lineNumber":80}],"rootCause":{"errorType":"org.openqa.selenium.TimeoutException","message":"Expected condition failed: waiting for By.xpath: //a[@class\u003d\u0027gb_Ba gb_Cd gb_ld\u0027] to be enabled (tried for 5 second(s) with 100 milliseconds interval)","stackTrace":[{"declaringClass":"co.com.bancolombia.certification.googlesuite.tasks.OpenTheBrowser","methodName":"performAs","fileName":"OpenTheBrowser.java","lineNumber":24},{"declaringClass":"co.com.bancolombia.certification.googlesuite.step_definitions.GoogleTranslateStepDefinitions","methodName":"thatSusanWantsToTranslateAWord","fileName":"GoogleTranslateStepDefinitions.java","lineNumber":36},{"declaringClass":"cucumber.runner.Runner","methodName":"runPickle","fileName":"Runner.java","lineNumber":80}],"rootCause":{"errorType":"org.openqa.selenium.NoSuchElementException","message":"no such element: Unable to locate element: {\"method\":\"xpath\",\"selector\":\"//a[@class\u003d\u0027gb_Ba gb_Cd gb_ld\u0027]\"}\n  (Session info: chrome\u003d67.0.3396.99)\n  (Driver info: chromedriver\u003d2.38.552522 (437e6fbedfa8762dec75e2c5b3ddb86763dc9dcb),platform\u003dWindows NT 10.0.15063 x86_64) (WARNING: The server did not provide any stacktrace information)\nCommand duration or timeout: 0 milliseconds\nFor documentation on this error, please visit: http://seleniumhq.org/exceptions/no_such_element.html\nBuild info: version: \u00273.13.0\u0027, revision: \u00272f0d292\u0027, time: \u00272018-06-25T15:24:21.231Z\u0027\nSystem info: host: \u0027PB0B0560419\u0027, ip: \u002710.0.75.1\u0027, os.name: \u0027Windows 10\u0027, os.arch: \u0027amd64\u0027, os.version: \u002710.0\u0027, java.version: \u00271.8.0_144\u0027\nDriver info: org.openqa.selenium.remote.RemoteWebDriver\nCapabilities {acceptInsecureCerts: false, acceptSslCerts: false, applicationCacheEnabled: false, browserConnectionEnabled: false, browserName: chrome, chrome: {chromedriverVersion: 2.38.552522 (437e6fbedfa876..., userDataDir: C:\\Users\\danbarri\\AppData\\L...}, cssSelectorsEnabled: true, databaseEnabled: false, handlesAlerts: true, hasTouchScreen: false, javascriptEnabled: true, locationContextEnabled: true, mobileEmulationEnabled: false, nativeEvents: true, networkConnectionEnabled: false, pageLoadStrategy: normal, platform: XP, platformName: XP, rotatable: false, setWindowRect: true, takesHeapSnapshot: true, takesScreenshot: true, unexpectedAlertBehaviour: , unhandledPromptBehavior: , version: 67.0.3396.99, webStorageEnabled: true}\nSession ID: 651716c761b584431c62fc68925361f1\n*** Element info: {Using\u003dxpath, value\u003d//a[@class\u003d\u0027gb_Ba gb_Cd gb_ld\u0027]}","stackTrace":[{"declaringClass":"co.com.bancolombia.certification.googlesuite.tasks.OpenTheBrowser","methodName":"performAs","fileName":"OpenTheBrowser.java","lineNumber":24},{"declaringClass":"co.com.bancolombia.certification.googlesuite.step_definitions.GoogleTranslateStepDefinitions","methodName":"thatSusanWantsToTranslateAWord","fileName":"GoogleTranslateStepDefinitions.java","lineNumber":36},{"declaringClass":"cucumber.runner.Runner","methodName":"runPickle","fileName":"Runner.java","lineNumber":80}]}}},"testFailureClassname":"net.thucydides.core.webdriver.exceptions.ElementShouldBeEnabledException","testFailureMessage":"The following error occurred: Expected enabled element was not enabled","testFailureSummary":"FAILURE;net.thucydides.core.webdriver.exceptions.ElementShouldBeEnabledException;The following error occurred: Expected enabled element was not enabled;OpenTheBrowser.java","projectKey":"","annotatedResult":"FAILURE","sessionId":"651716c761b584431c62fc68925361f1","driver":"chrome","manual":false,"testSource":"Cucumber","result":"FAILURE"}